[Wed Sep  3 01:09:34 AM UTC 2025] 🟢 Update watcher started.
[Wed Sep  3 01:11:28 AM UTC 2025] 🟢 Update watcher started.
From github.com:Peter-Tabarani/PiconexBackend
   5af3660..56bc75c  main       -> origin/main
[Wed Sep  3 01:12:29 AM UTC 2025] 🔄 Update detected. Pulling changes...
From github.com:Peter-Tabarani/PiconexBackend
 * branch            main       -> FETCH_HEAD
Updating 5af3660..56bc75c
Fast-forward
 accessify.go | 2 ++
 1 file changed, 2 insertions(+)
[Wed Sep  3 01:12:30 AM UTC 2025] 🔧 Restarting backend...
From github.com:Peter-Tabarani/PiconexBackend
   56bc75c..64f9406  main       -> origin/main
[Wed Sep  3 01:14:32 AM UTC 2025] 🔄 Update detected. Pulling changes...
From github.com:Peter-Tabarani/PiconexBackend
 * branch            main       -> FETCH_HEAD
Updating 56bc75c..64f9406
Fast-forward
 accessify.go | 2 --
 1 file changed, 2 deletions(-)
[Wed Sep  3 01:14:32 AM UTC 2025] 🔧 Restarting backend...
